
> trastero-moderno@2.0.0 start
> react-scripts start

(node:175) [DEP_WEBPACK_DEV_SERVER_ON_AFTER_SETUP_MIDDLEWARE] DeprecationWarning: 'onAfterSetupMiddleware' option is deprecated. Please use the 'setupMiddlewares' option.
(Use `node --trace-deprecation ...` to show where the warning was created)
(node:175) [DEP_WEBPACK_DEV_SERVER_ON_BEFORE_SETUP_MIDDLEWARE] DeprecationWarning: 'onBeforeSetupMiddleware' option is deprecated. Please use the 'setupMiddlewares' option.
Starting the development server...

Compiled with warnings.

[eslint] 
src/components/Auth/SignInContent.jsx
  Line 182:28:  The href attribute is required for an anchor to be keyboard accessible. Provide a valid, navigable address as the href value. If you cannot provide an href, but still need the element to resemble a link, use a button and change it with appropriate styles. Learn more: https://github.com/jsx-eslint/eslint-plugin-jsx-a11y/blob/HEAD/docs/rules/anchor-is-valid.md  jsx-a11y/anchor-is-valid

src/components/Formularios/CargaImgUser/CargaImgUser.js
  Line 31:21:  img elements must have an alt prop, either with meaningful text, or an empty string for decorative images  jsx-a11y/alt-text
  Line 51:25:  img elements must have an alt prop, either with meaningful text, or an empty string for decorative images  jsx-a11y/alt-text

src/components/Formularios/Cargarimg/Cargaimg.js
  Line 5:8:  'De' is defined but never used  no-unused-vars

src/components/Formularios/Modal/Modal.js
  Line 1:17:  'Component' is defined but never used  no-unused-vars
  Line 5:8:   'styled' is defined but never used     no-unused-vars

src/components/Formularios/Portal/Portal.js
  Line 1:8:   'React' is defined but never used     no-unused-vars
  Line 1:16:  'Children' is defined but never used  no-unused-vars

src/components/Formularios/Principal/Principal.js
  Line 1:27:  'useState' is defined but never used  no-unused-vars
  Line 6:8:   'Modal' is defined but never used     no-unused-vars

src/components/Formularios/useFetch/useFetch.js
  Line 1:17:  'useState' is defined but never used                                                                                          no-unused-vars
  Line 1:26:  'Component' is defined but never used                                                                                         no-unused-vars
  Line 19:8:  React Hook React.useEffect has missing dependencies: 'options' and 'url'. Either include them or remove the dependency array  react-hooks/exhaustive-deps

src/pages/Settings.jsx
  Line 1:27:   'useEffect' is defined but never used          no-unused-vars
  Line 154:9:  'navigate' is assigned a value but never used  no-unused-vars

Search for the keywords to learn more about each warning.
To ignore, add // eslint-disable-next-line to the line before.

WARNING in [eslint] 
src/components/Auth/SignInContent.jsx
  Line 182:28:  The href attribute is required for an anchor to be keyboard accessible. Provide a valid, navigable address as the href value. If you cannot provide an href, but still need the element to resemble a link, use a button and change it with appropriate styles. Learn more: https://github.com/jsx-eslint/eslint-plugin-jsx-a11y/blob/HEAD/docs/rules/anchor-is-valid.md  jsx-a11y/anchor-is-valid

src/components/Formularios/CargaImgUser/CargaImgUser.js
  Line 31:21:  img elements must have an alt prop, either with meaningful text, or an empty string for decorative images  jsx-a11y/alt-text
  Line 51:25:  img elements must have an alt prop, either with meaningful text, or an empty string for decorative images  jsx-a11y/alt-text

src/components/Formularios/Cargarimg/Cargaimg.js
  Line 5:8:  'De' is defined but never used  no-unused-vars

src/components/Formularios/Modal/Modal.js
  Line 1:17:  'Component' is defined but never used  no-unused-vars
  Line 5:8:   'styled' is defined but never used     no-unused-vars

src/components/Formularios/Portal/Portal.js
  Line 1:8:   'React' is defined but never used     no-unused-vars
  Line 1:16:  'Children' is defined but never used  no-unused-vars

src/components/Formularios/Principal/Principal.js
  Line 1:27:  'useState' is defined but never used  no-unused-vars
  Line 6:8:   'Modal' is defined but never used     no-unused-vars

src/components/Formularios/useFetch/useFetch.js
  Line 1:17:  'useState' is defined but never used                                                                                          no-unused-vars
  Line 1:26:  'Component' is defined but never used                                                                                         no-unused-vars
  Line 19:8:  React Hook React.useEffect has missing dependencies: 'options' and 'url'. Either include them or remove the dependency array  react-hooks/exhaustive-deps

src/pages/Settings.jsx
  Line 1:27:   'useEffect' is defined but never used          no-unused-vars
  Line 154:9:  'navigate' is assigned a value but never used  no-unused-vars

webpack compiled with 1 warning
Compiling...
Compiled with warnings.

[eslint] 
src/components/Auth/SignInContent.jsx
  Line 182:28:  The href attribute is required for an anchor to be keyboard accessible. Provide a valid, navigable address as the href value. If you cannot provide an href, but still need the element to resemble a link, use a button and change it with appropriate styles. Learn more: https://github.com/jsx-eslint/eslint-plugin-jsx-a11y/blob/HEAD/docs/rules/anchor-is-valid.md  jsx-a11y/anchor-is-valid

src/components/Formularios/CargaImgUser/CargaImgUser.js
  Line 31:21:  img elements must have an alt prop, either with meaningful text, or an empty string for decorative images  jsx-a11y/alt-text
  Line 51:25:  img elements must have an alt prop, either with meaningful text, or an empty string for decorative images  jsx-a11y/alt-text

src/components/Formularios/Cargarimg/Cargaimg.js
  Line 5:8:  'De' is defined but never used  no-unused-vars

src/components/Formularios/Modal/Modal.js
  Line 1:17:  'Component' is defined but never used  no-unused-vars
  Line 5:8:   'styled' is defined but never used     no-unused-vars

src/components/Formularios/Portal/Portal.js
  Line 1:8:   'React' is defined but never used     no-unused-vars
  Line 1:16:  'Children' is defined but never used  no-unused-vars

src/components/Formularios/Principal/Principal.js
  Line 1:27:  'useState' is defined but never used  no-unused-vars
  Line 6:8:   'Modal' is defined but never used     no-unused-vars

src/components/Formularios/useFetch/useFetch.js
  Line 1:17:  'useState' is defined but never used                                                                                          no-unused-vars
  Line 1:26:  'Component' is defined but never used                                                                                         no-unused-vars
  Line 19:8:  React Hook React.useEffect has missing dependencies: 'options' and 'url'. Either include them or remove the dependency array  react-hooks/exhaustive-deps

src/pages/Settings.jsx
  Line 1:27:   'useEffect' is defined but never used          no-unused-vars
  Line 154:9:  'navigate' is assigned a value but never used  no-unused-vars

Search for the keywords to learn more about each warning.
To ignore, add // eslint-disable-next-line to the line before.

WARNING in [eslint] 
src/components/Auth/SignInContent.jsx
  Line 182:28:  The href attribute is required for an anchor to be keyboard accessible. Provide a valid, navigable address as the href value. If you cannot provide an href, but still need the element to resemble a link, use a button and change it with appropriate styles. Learn more: https://github.com/jsx-eslint/eslint-plugin-jsx-a11y/blob/HEAD/docs/rules/anchor-is-valid.md  jsx-a11y/anchor-is-valid

src/components/Formularios/CargaImgUser/CargaImgUser.js
  Line 31:21:  img elements must have an alt prop, either with meaningful text, or an empty string for decorative images  jsx-a11y/alt-text
  Line 51:25:  img elements must have an alt prop, either with meaningful text, or an empty string for decorative images  jsx-a11y/alt-text

src/components/Formularios/Cargarimg/Cargaimg.js
  Line 5:8:  'De' is defined but never used  no-unused-vars

src/components/Formularios/Modal/Modal.js
  Line 1:17:  'Component' is defined but never used  no-unused-vars
  Line 5:8:   'styled' is defined but never used     no-unused-vars

src/components/Formularios/Portal/Portal.js
  Line 1:8:   'React' is defined but never used     no-unused-vars
  Line 1:16:  'Children' is defined but never used  no-unused-vars

src/components/Formularios/Principal/Principal.js
  Line 1:27:  'useState' is defined but never used  no-unused-vars
  Line 6:8:   'Modal' is defined but never used     no-unused-vars

src/components/Formularios/useFetch/useFetch.js
  Line 1:17:  'useState' is defined but never used                                                                                          no-unused-vars
  Line 1:26:  'Component' is defined but never used                                                                                         no-unused-vars
  Line 19:8:  React Hook React.useEffect has missing dependencies: 'options' and 'url'. Either include them or remove the dependency array  react-hooks/exhaustive-deps

src/pages/Settings.jsx
  Line 1:27:   'useEffect' is defined but never used          no-unused-vars
  Line 154:9:  'navigate' is assigned a value but never used  no-unused-vars

webpack compiled with 1 warning
